<?xml version="1.0" encoding="UTF-8"?>
<!-- Generated by org.testng.reporters.JUnitReportReporter -->
<testsuite hostname="D-MK001" failures="0" tests="1" name="com.dreamhost.testcase.RegisterDomain" time="21.131" errors="0" timestamp="2022-05-18T01:51:08 GST" skipped="0">
  <testcase classname="com.dreamhost.testcase.RegisterDomain" name="registerDomain_ShouldFillAllTheInfoAndCardShouldReject" time="21.131"/>
  <system-out/>
</testsuite> <!-- com.dreamhost.testcase.RegisterDomain -->
